<?xml version="1.0" encoding="utf-8"?>
<test-run id="2" name="readonly-bytes.exe" fullname="C:/Users/yaroc/OneDrive/Рабочий стол/6/bin/Debug/readonly-bytes.exe" testcasecount="14" result="Passed" start-time="2020-03-18 13:40:36Z" end-time="2020-03-18 13:42:04Z" duration="88.149731" total="14" passed="14" failed="0" inconclusive="0" skipped="0" asserts="100035" random-seed="1580569725">
  <command-line><![CDATA["C:\Users\yaroc\OneDrive\Рабочий стол\6\bin\Debug\readonly-bytes.exe" ]]></command-line>
  <filter />
  <test-suite type="Assembly" id="1016" name="readonly-bytes.exe" fullname="C:/Users/yaroc/OneDrive/Рабочий стол/6/bin/Debug/readonly-bytes.exe" runstate="Runnable" testcasecount="14" result="Passed" start-time="2020-03-18 13:40:36Z" end-time="2020-03-18 13:42:04Z" duration="88.149731" total="14" passed="14" failed="0" warnings="0" inconclusive="0" skipped="0" asserts="100035">
    <environment framework-version="3.6.0.0" clr-version="4.0.30319.42000" os-version="Microsoft Windows NT 6.2.9200.0" platform="Win32NT" cwd="C:\Users\yaroc\OneDrive\Рабочий стол\6\bin\Debug" machine-name="DESKTOP-MNRGLI4" user="yaroc" user-domain="DESKTOP-MNRGLI4" culture="ru-RU" uiculture="ru-RU" os-architecture="x86" />
    <settings>
      <setting name="WorkDirectory" value="C:\Users\yaroc\OneDrive\Рабочий стол\6\bin\Debug" />
      <setting name="NumberOfTestWorkers" value="4" />
    </settings>
    <properties>
      <property name="_PID" value="9316" />
      <property name="_APPDOMAIN" value="readonly-bytes.exe" />
    </properties>
    <test-suite type="TestSuite" id="1017" name="hashes" fullname="hashes" runstate="Runnable" testcasecount="14" result="Passed" start-time="2020-03-18 13:40:36Z" end-time="2020-03-18 13:42:04Z" duration="88.136795" total="14" passed="14" failed="0" warnings="0" inconclusive="0" skipped="0" asserts="100035">
      <test-suite type="TestFixture" id="1000" name="ReadonlyBytesTests" fullname="hashes.ReadonlyBytesTests" classname="hashes.ReadonlyBytesTests" runstate="Runnable" testcasecount="14" result="Passed" start-time="2020-03-18 13:40:36Z" end-time="2020-03-18 13:42:04Z" duration="88.131795" total="14" passed="14" failed="0" warnings="0" inconclusive="0" skipped="0" asserts="100035">
        <test-case id="1001" name="Creation" fullname="hashes.ReadonlyBytesTests.Creation" methodname="Creation" classname="hashes.ReadonlyBytesTests" runstate="Runnable" seed="1501409258" result="Passed" start-time="2020-03-18 13:40:36Z" end-time="2020-03-18 13:40:36Z" duration="0.004993" asserts="0" />
        <test-case id="1002" name="CreationException" fullname="hashes.ReadonlyBytesTests.CreationException" methodname="CreationException" classname="hashes.ReadonlyBytesTests" runstate="Runnable" seed="557728470" result="Passed" start-time="2020-03-18 13:40:36Z" end-time="2020-03-18 13:41:32Z" duration="55.731798" asserts="1" />
        <test-case id="1006" name="Enumeration" fullname="hashes.ReadonlyBytesTests.Enumeration" methodname="Enumeration" classname="hashes.ReadonlyBytesTests" runstate="Runnable" seed="936287979" result="Passed" start-time="2020-03-18 13:41:32Z" end-time="2020-03-18 13:41:32Z" duration="0.010438" asserts="1" />
        <test-case id="1007" name="EqualOnSameBytes" fullname="hashes.ReadonlyBytesTests.EqualOnSameBytes" methodname="EqualOnSameBytes" classname="hashes.ReadonlyBytesTests" runstate="Runnable" seed="1223768704" result="Passed" start-time="2020-03-18 13:41:32Z" end-time="2020-03-18 13:41:32Z" duration="0.001820" asserts="4" />
        <test-case id="1013" name="HashCode" fullname="hashes.ReadonlyBytesTests.HashCode" methodname="HashCode" classname="hashes.ReadonlyBytesTests" runstate="Runnable" seed="493212872" result="Passed" start-time="2020-03-18 13:41:32Z" end-time="2020-03-18 13:41:32Z" duration="0.005203" asserts="8" />
        <test-case id="1004" name="Indexer" fullname="hashes.ReadonlyBytesTests.Indexer" methodname="Indexer" classname="hashes.ReadonlyBytesTests" runstate="Runnable" seed="500820629" result="Passed" start-time="2020-03-18 13:41:32Z" end-time="2020-03-18 13:41:32Z" duration="0.000320" asserts="3" />
        <test-case id="1005" name="IndexOutOfRangeException" fullname="hashes.ReadonlyBytesTests.IndexOutOfRangeException" methodname="IndexOutOfRangeException" classname="hashes.ReadonlyBytesTests" runstate="Runnable" seed="715248124" result="Passed" start-time="2020-03-18 13:41:32Z" end-time="2020-03-18 13:42:04Z" duration="32.250917" asserts="1" />
        <test-case id="1003" name="Length" fullname="hashes.ReadonlyBytesTests.Length" methodname="Length" classname="hashes.ReadonlyBytesTests" runstate="Runnable" seed="1984136590" result="Passed" start-time="2020-03-18 13:42:04Z" end-time="2020-03-18 13:42:04Z" duration="0.000325" asserts="1" />
        <test-case id="1015" name="MassiveCallToGetHashCodeOfLargeBytesArray" fullname="hashes.ReadonlyBytesTests.MassiveCallToGetHashCodeOfLargeBytesArray" methodname="MassiveCallToGetHashCodeOfLargeBytesArray" classname="hashes.ReadonlyBytesTests" runstate="Runnable" seed="980377319" result="Passed" start-time="2020-03-18 13:42:04Z" end-time="2020-03-18 13:42:04Z" duration="0.059119" asserts="100000" />
        <test-case id="1008" name="NotEqualIfBytesDiffer" fullname="hashes.ReadonlyBytesTests.NotEqualIfBytesDiffer" methodname="NotEqualIfBytesDiffer" classname="hashes.ReadonlyBytesTests" runstate="Runnable" seed="1748657278" result="Passed" start-time="2020-03-18 13:42:04Z" end-time="2020-03-18 13:42:04Z" duration="0.001277" asserts="4" />
        <test-suite type="ParameterizedMethod" id="1012" name="NotEqualWithOtherTypes" fullname="hashes.ReadonlyBytesTests.NotEqualWithOtherTypes" classname="hashes.ReadonlyBytesTests" runstate="Runnable" testcasecount="3" result="Passed" start-time="2020-03-18 13:42:04Z" end-time="2020-03-18 13:42:04Z" duration="0.013420" total="3" passed="3" failed="0" warnings="0" inconclusive="0" skipped="0" asserts="9">
          <test-case id="1009" name="NotEqualWithOtherTypes(System.Byte[])" fullname="hashes.ReadonlyBytesTests.NotEqualWithOtherTypes(System.Byte[])" methodname="NotEqualWithOtherTypes" classname="hashes.ReadonlyBytesTests" runstate="Runnable" seed="1805935222" result="Passed" start-time="2020-03-18 13:42:04Z" end-time="2020-03-18 13:42:04Z" duration="0.000365" asserts="3" />
          <test-case id="1010" name="NotEqualWithOtherTypes(System.Byte[])" fullname="hashes.ReadonlyBytesTests.NotEqualWithOtherTypes(System.Byte[])" methodname="NotEqualWithOtherTypes" classname="hashes.ReadonlyBytesTests" runstate="Runnable" seed="407057648" result="Passed" start-time="2020-03-18 13:42:04Z" end-time="2020-03-18 13:42:04Z" duration="0.000052" asserts="3" />
          <test-case id="1011" name="NotEqualWithOtherTypes(System.Byte[])" fullname="hashes.ReadonlyBytesTests.NotEqualWithOtherTypes(System.Byte[])" methodname="NotEqualWithOtherTypes" classname="hashes.ReadonlyBytesTests" runstate="Runnable" seed="1083879854" result="Passed" start-time="2020-03-18 13:42:04Z" end-time="2020-03-18 13:42:04Z" duration="0.000052" asserts="3" />
        </test-suite>
        <test-case id="1014" name="ToStringIsOverridden" fullname="hashes.ReadonlyBytesTests.ToStringIsOverridden" methodname="ToStringIsOverridden" classname="hashes.ReadonlyBytesTests" runstate="Runnable" seed="1476829540" result="Passed" start-time="2020-03-18 13:42:04Z" end-time="2020-03-18 13:42:04Z" duration="0.000533" asserts="3" />
      </test-suite>
    </test-suite>
  </test-suite>
</test-run>